{
  "stats": {
    "suites": 1,
    "tests": 4,
    "passes": 4,
    "pending": 0,
    "failures": 0,
    "start": "2024-06-02T16:04:11.085Z",
    "end": "2024-06-02T16:04:12.377Z",
    "duration": 1292,
    "testsRegistered": 4,
    "passPercent": 100,
    "pendingPercent": 0,
    "other": 0,
    "hasOther": false,
    "skipped": 0,
    "hasSkipped": false
  },
  "results": [
    {
      "uuid": "1bd8cdba-300d-4085-96fc-ee073b69ae94",
      "title": "",
      "fullFile": "D:\\APPLY\\ProSigmaka\\BOOTCAMP\\TUGAS 6\\test\\quotes-api.spec.js",
      "file": "\\test\\quotes-api.spec.js",
      "beforeHooks": [],
      "afterHooks": [],
      "tests": [],
      "suites": [
        {
          "uuid": "8aabd8c4-9899-4f6a-af09-8a7dcb177f8c",
          "title": "Get Quotes and Todos API Testing",
          "fullFile": "D:\\APPLY\\ProSigmaka\\BOOTCAMP\\TUGAS 6\\test\\quotes-api.spec.js",
          "file": "\\test\\quotes-api.spec.js",
          "beforeHooks": [],
          "afterHooks": [],
          "tests": [
            {
              "title": "Get status Quotes",
              "fullTitle": "Get Quotes and Todos API Testing Get status Quotes",
              "timedOut": false,
              "duration": 731,
              "state": "passed",
              "speed": "slow",
              "pass": true,
              "fail": false,
              "pending": false,
              "context": null,
              "code": "const res = await axios.get('https://dummyjson.com/quotes')\nexpect(res.status).to.equal(200)\nexpect(res.data).to.be.jsonSchema(schemaGet)",
              "err": {},
              "uuid": "052d39ce-f348-4425-a819-fb69f448a094",
              "parentUUID": "8aabd8c4-9899-4f6a-af09-8a7dcb177f8c",
              "isHook": false,
              "skipped": false
            },
            {
              "title": "Post Todos",
              "fullTitle": "Get Quotes and Todos API Testing Post Todos",
              "timedOut": false,
              "duration": 184,
              "state": "passed",
              "speed": "slow",
              "pass": true,
              "fail": false,
              "pending": false,
              "context": null,
              "code": "const res = await axios.post('https://dummyjson.com/todos/add',{\n    todo:'test',\n    userId: 5\n})\nexpect(res.data).to.be.jsonSchema(schemaPost)",
              "err": {},
              "uuid": "e77ec97f-f9ea-48c6-b0a0-d165b8463a36",
              "parentUUID": "8aabd8c4-9899-4f6a-af09-8a7dcb177f8c",
              "isHook": false,
              "skipped": false
            },
            {
              "title": "Put Todos",
              "fullTitle": "Get Quotes and Todos API Testing Put Todos",
              "timedOut": false,
              "duration": 186,
              "state": "passed",
              "speed": "slow",
              "pass": true,
              "fail": false,
              "pending": false,
              "context": null,
              "code": "const res = await axios.put('https://dummyjson.com/todos/3',{\n    todo:'new',\n    userId: 5\n})\nexpect(res.data).to.be.jsonSchema(schemaPut)",
              "err": {},
              "uuid": "626898f5-5911-4b62-bff3-933b0e40a88b",
              "parentUUID": "8aabd8c4-9899-4f6a-af09-8a7dcb177f8c",
              "isHook": false,
              "skipped": false
            },
            {
              "title": "Delete Todos",
              "fullTitle": "Get Quotes and Todos API Testing Delete Todos",
              "timedOut": false,
              "duration": 181,
              "state": "passed",
              "speed": "slow",
              "pass": true,
              "fail": false,
              "pending": false,
              "context": null,
              "code": "const res = await axios.delete('https://dummyjson.com/todos/7')\nexpect(res.data).to.be.jsonSchema(schemaDelete)",
              "err": {},
              "uuid": "a78b8e94-3305-45e4-a7ea-052605351827",
              "parentUUID": "8aabd8c4-9899-4f6a-af09-8a7dcb177f8c",
              "isHook": false,
              "skipped": false
            }
          ],
          "suites": [],
          "passes": [
            "052d39ce-f348-4425-a819-fb69f448a094",
            "e77ec97f-f9ea-48c6-b0a0-d165b8463a36",
            "626898f5-5911-4b62-bff3-933b0e40a88b",
            "a78b8e94-3305-45e4-a7ea-052605351827"
          ],
          "failures": [],
          "pending": [],
          "skipped": [],
          "duration": 1282,
          "root": false,
          "rootEmpty": false,
          "_timeout": 2000
        }
      ],
      "passes": [],
      "failures": [],
      "pending": [],
      "skipped": [],
      "duration": 0,
      "root": true,
      "rootEmpty": true,
      "_timeout": 2000
    }
  ],
  "meta": {
    "mocha": {
      "version": "10.4.0"
    },
    "mochawesome": {
      "options": {
        "quiet": false,
        "reportFilename": "mochawesome",
        "saveHtml": true,
        "saveJson": true,
        "consoleReporter": "spec",
        "useInlineDiffs": false,
        "code": true
      },
      "version": "7.1.3"
    },
    "marge": {
      "options": null,
      "version": "6.2.0"
    }
  }
}